[2018-06-08T17:17:07.045] [INFO] default - 
*************** response log start ***************
request method: GET
request originalUrl:  /api/toutiao
request client ip:  ::ffff:127.0.0.1
request query:  {}
response time: 4
response status: 200
response body: 
{"success":true,"message":"success","data":[{"id":79,"title":"回头看儿时的照片，满满的都是回忆","group_id":"6563456148089864708","image_url":"//p3.pstatp.com/list/190x124/pgc-image/15281737080","create_time":"2018-06-08T09:15:51.000Z"},{"id":78,"title":"造岛神器“天鲲号”迎来“高考”，今日出海试航，一小时可以挖一个一米深足球场","group_id":"6564595736321720845","image_url":"//p1.pstatp.com/list/190x124/pgc-image/15284390497","create_time":"2018-06-08T09:13:41.000Z"},{"id":77,"title":"构建命运共同体 开启上合新时代","group_id":"6564589754686374404","image_url":"//p1.pstatp.com/list/190x124/pgc-image/15284465413","create_time":"2018-06-08T08:48:30.000Z"},{"id":76,"title":"川航超级备降机组获“英雄”称号 机长获奖500万","group_id":"6564621022811652612","image_url":"//p3.pstatp.com/list/190x124/8afc000d64226dbee787","create_time":"2018-06-08T08:27:30.000Z"},{"id":75,"title":"23年前灭门案嫌犯成中国作协会员！检方建议判其死刑","group_id":"6564534666622140932","image_url":"//p3.pstatp.com/list/190x124/pgc-image/15284248305","create_time":"2018-06-08T07:38:30.000Z"},{"id":74,"title":"一位巴基斯坦人眼中的中国改革开放40年","group_id":"6564144284709159431","image_url":"//p9.pstatp.com/list/190x124/pgc-image/15283339385","create_time":"2018-06-08T07:37:30.000Z"},{"id":73,"title":"拼多多涉黄涉暴被盯上 收割3亿用户后该怎么走？","group_id":"6564545553928028685","image_url":"//p1.pstatp.com/list/190x124/pgc-image/15284273661","create_time":"2018-06-08T07:23:30.000Z"},{"id":72,"title":"日本作家10年来“追踪”故宫，什么展品让他感叹“中国人可怕”","group_id":"6564310228152615432","image_url":"//p3.pstatp.com/list/190x124/pgc-image/15283725750","create_time":"2018-06-08T07:20:30.000Z"},{"id":71,"title":"历史上著名的8位神童","group_id":"6564145326599438855","image_url":"//p3.pstatp.com/list/190x124/pgc-image/15283341158","create_time":"2018-06-08T07:02:30.000Z"},{"id":70,"title":"人民日报：集体宿舍的“回归”是城市变迁的需要","group_id":"6564551299935765000","image_url":"//p3.pstatp.com/list/190x124/pgc-image/15284287040","create_time":"2018-06-08T07:02:30.000Z"},{"id":69,"title":"扎根西藏戍边卫国——解放军95662部队赵国宁的家庭事迹","group_id":"6563434421972632077","image_url":"//p1.pstatp.com/list/190x124/pgc-image/15281686597","create_time":"2018-06-08T07:00:30.000Z"},{"id":68,"title":"“最帅”外卖小哥在美团，他的出现引网友狂赞！","group_id":"6564563967031640583","image_url":"//p1.pstatp.com/list/190x124/pgc-image/15284315708","create_time":"2018-06-08T06:52:30.000Z"}],"code":0}
*************** response log end ***************

[2018-06-08T17:17:13.803] [INFO] default - 
*************** response log start ***************
request method: GET
request originalUrl:  /api/toutiao
request client ip:  ::ffff:127.0.0.1
request query:  {}
response time: 3
response status: 200
response body: 
{"success":true,"message":"success","data":[{"id":79,"title":"回头看儿时的照片，满满的都是回忆","group_id":"6563456148089864708","image_url":"//p3.pstatp.com/list/190x124/pgc-image/15281737080","create_time":"2018-06-08T09:15:51.000Z"},{"id":78,"title":"造岛神器“天鲲号”迎来“高考”，今日出海试航，一小时可以挖一个一米深足球场","group_id":"6564595736321720845","image_url":"//p1.pstatp.com/list/190x124/pgc-image/15284390497","create_time":"2018-06-08T09:13:41.000Z"},{"id":77,"title":"构建命运共同体 开启上合新时代","group_id":"6564589754686374404","image_url":"//p1.pstatp.com/list/190x124/pgc-image/15284465413","create_time":"2018-06-08T08:48:30.000Z"},{"id":76,"title":"川航超级备降机组获“英雄”称号 机长获奖500万","group_id":"6564621022811652612","image_url":"//p3.pstatp.com/list/190x124/8afc000d64226dbee787","create_time":"2018-06-08T08:27:30.000Z"},{"id":75,"title":"23年前灭门案嫌犯成中国作协会员！检方建议判其死刑","group_id":"6564534666622140932","image_url":"//p3.pstatp.com/list/190x124/pgc-image/15284248305","create_time":"2018-06-08T07:38:30.000Z"},{"id":74,"title":"一位巴基斯坦人眼中的中国改革开放40年","group_id":"6564144284709159431","image_url":"//p9.pstatp.com/list/190x124/pgc-image/15283339385","create_time":"2018-06-08T07:37:30.000Z"},{"id":73,"title":"拼多多涉黄涉暴被盯上 收割3亿用户后该怎么走？","group_id":"6564545553928028685","image_url":"//p1.pstatp.com/list/190x124/pgc-image/15284273661","create_time":"2018-06-08T07:23:30.000Z"},{"id":72,"title":"日本作家10年来“追踪”故宫，什么展品让他感叹“中国人可怕”","group_id":"6564310228152615432","image_url":"//p3.pstatp.com/list/190x124/pgc-image/15283725750","create_time":"2018-06-08T07:20:30.000Z"},{"id":71,"title":"历史上著名的8位神童","group_id":"6564145326599438855","image_url":"//p3.pstatp.com/list/190x124/pgc-image/15283341158","create_time":"2018-06-08T07:02:30.000Z"},{"id":70,"title":"人民日报：集体宿舍的“回归”是城市变迁的需要","group_id":"6564551299935765000","image_url":"//p3.pstatp.com/list/190x124/pgc-image/15284287040","create_time":"2018-06-08T07:02:30.000Z"},{"id":69,"title":"扎根西藏戍边卫国——解放军95662部队赵国宁的家庭事迹","group_id":"6563434421972632077","image_url":"//p1.pstatp.com/list/190x124/pgc-image/15281686597","create_time":"2018-06-08T07:00:30.000Z"},{"id":68,"title":"“最帅”外卖小哥在美团，他的出现引网友狂赞！","group_id":"6564563967031640583","image_url":"//p1.pstatp.com/list/190x124/pgc-image/15284315708","create_time":"2018-06-08T06:52:30.000Z"}],"code":0}
*************** response log end ***************

