[2018-06-11T16:00:17.582] [INFO] default - 
*************** response log start ***************
request method: GET
request originalUrl:  /api/toutiao
request client ip:  ::ffff:127.0.0.1
request query:  {}
response time: 5
response status: 200
response body: 
{"success":true,"message":"success","data":[{"id":151,"title":"百炼走为先！走路是免费又高效的养生方式，这5个禁忌要知道","group_id":"6564602590233887246","image_url":"//p3.pstatp.com/list/190x124/pgc-image/15284397583","create_time":"2018-06-11T07:59:55.000Z"},{"id":155,"title":"8800亿！全球超级首富来了，马云马化腾李嘉诚加一起都输给他","group_id":"6563823338454516227","image_url":"//p3.pstatp.com/list/190x124/pgc-image/15282592106","create_time":"2018-06-11T07:59:55.000Z"},{"id":154,"title":"白岩松没骗你：“俄罗斯世界杯，中国除了足球队没去，基本上其他都去了”","group_id":"6565702744017994247","image_url":"//i0.pstatp.com/list/8b56000152fd9393b482","create_time":"2018-06-11T07:59:55.000Z"},{"id":153,"title":"世界杯各国禁令成亮点 德国队严格执行“禁欲令”","group_id":"6565444573659660804","image_url":"//p1.pstatp.com/list/190x124/pgc-image/15286353448","create_time":"2018-06-11T07:59:55.000Z"},{"id":152,"title":"7个姓氏组成一个家庭：百岁老人终身未娶，为6个弃儿建大爱之家！","group_id":"6564141938520359437","image_url":"//p3.pstatp.com/list/190x124/pgc-image/15283332884","create_time":"2018-06-11T07:59:55.000Z"},{"id":156,"title":"朝鲜最高领导人金正恩抵达新加坡","group_id":"6565387453446750728","image_url":"//p3.pstatp.com/list/190x124/pgc-image/15286228438","create_time":"2018-06-11T07:59:55.000Z"},{"id":143,"title":"高考后，一位母亲的这段话火了……","group_id":"6565657488077619725","image_url":"//p9.pstatp.com/list/190x124/pgc-image/15286861944","create_time":"2018-06-11T07:57:05.000Z"},{"id":141,"title":"一个大消息：上海—杭州或造“超级高铁”？","group_id":"6565602020177216007","image_url":"//p1.pstatp.com/list/190x124/pgc-image/15286733432","create_time":"2018-06-11T07:57:05.000Z"},{"id":140,"title":"农村这种树，叶子比果子更有用，却常被当废物丢弃，实在可惜","group_id":"6564329142517498371","image_url":"//p1.pstatp.com/list/190x124/pgc-image/15283769197","create_time":"2018-06-11T07:57:05.000Z"},{"id":142,"title":"小镇牵出的 “维卡币第一案”：涉案金额150亿，传销账户200万个","group_id":"6563495498999661059","image_url":"//p1.pstatp.com/list/190x124/pgc-image/15281828500","create_time":"2018-06-11T07:57:05.000Z"},{"id":144,"title":"要什么流量？16岁男孩一提笔就获赞700万","group_id":"6565458188034900488","image_url":"//p9.pstatp.com/list/190x124/pgc-image/15286398510","create_time":"2018-06-11T07:57:05.000Z"},{"id":145,"title":"菲媒：中国空军一架军机降落菲律宾 菲官员证实","group_id":"6565426194332779015","image_url":"//i0.pstatp.com/list/8b53000660490f1f0cb7","create_time":"2018-06-11T07:57:05.000Z"}],"code":0}
*************** response log end ***************

[2018-06-11T16:01:53.898] [INFO] default - 
*************** response log start ***************
request method: GET
request originalUrl:  /api/toutiao
request client ip:  ::ffff:127.0.0.1
request query:  {}
response time: 3
response status: 200
response body: 
{"success":true,"message":"success","data":[{"id":158,"title":"法眼｜离婚后母亲给儿改姓，亲爹怒了！法院支持谁？","group_id":"6564239414657024519","image_url":"//p1.pstatp.com/list/190x124/pgc-image/15283560873","create_time":"2018-06-11T08:01:00.000Z"},{"id":157,"title":"一口气搞懂五险一金到底是啥？","group_id":"6564666041769656840","image_url":"//p3.pstatp.com/list/190x124/pgc-image/15284551970","create_time":"2018-06-11T08:01:00.000Z"},{"id":151,"title":"百炼走为先！走路是免费又高效的养生方式，这5个禁忌要知道","group_id":"6564602590233887246","image_url":"//p3.pstatp.com/list/190x124/pgc-image/15284397583","create_time":"2018-06-11T07:59:55.000Z"},{"id":152,"title":"7个姓氏组成一个家庭：百岁老人终身未娶，为6个弃儿建大爱之家！","group_id":"6564141938520359437","image_url":"//p3.pstatp.com/list/190x124/pgc-image/15283332884","create_time":"2018-06-11T07:59:55.000Z"},{"id":153,"title":"世界杯各国禁令成亮点 德国队严格执行“禁欲令”","group_id":"6565444573659660804","image_url":"//p1.pstatp.com/list/190x124/pgc-image/15286353448","create_time":"2018-06-11T07:59:55.000Z"},{"id":154,"title":"白岩松没骗你：“俄罗斯世界杯，中国除了足球队没去，基本上其他都去了”","group_id":"6565702744017994247","image_url":"//i0.pstatp.com/list/8b56000152fd9393b482","create_time":"2018-06-11T07:59:55.000Z"},{"id":155,"title":"8800亿！全球超级首富来了，马云马化腾李嘉诚加一起都输给他","group_id":"6563823338454516227","image_url":"//p3.pstatp.com/list/190x124/pgc-image/15282592106","create_time":"2018-06-11T07:59:55.000Z"},{"id":156,"title":"朝鲜最高领导人金正恩抵达新加坡","group_id":"6565387453446750728","image_url":"//p3.pstatp.com/list/190x124/pgc-image/15286228438","create_time":"2018-06-11T07:59:55.000Z"},{"id":140,"title":"农村这种树，叶子比果子更有用，却常被当废物丢弃，实在可惜","group_id":"6564329142517498371","image_url":"//p1.pstatp.com/list/190x124/pgc-image/15283769197","create_time":"2018-06-11T07:57:05.000Z"},{"id":141,"title":"一个大消息：上海—杭州或造“超级高铁”？","group_id":"6565602020177216007","image_url":"//p1.pstatp.com/list/190x124/pgc-image/15286733432","create_time":"2018-06-11T07:57:05.000Z"},{"id":142,"title":"小镇牵出的 “维卡币第一案”：涉案金额150亿，传销账户200万个","group_id":"6563495498999661059","image_url":"//p1.pstatp.com/list/190x124/pgc-image/15281828500","create_time":"2018-06-11T07:57:05.000Z"},{"id":143,"title":"高考后，一位母亲的这段话火了……","group_id":"6565657488077619725","image_url":"//p9.pstatp.com/list/190x124/pgc-image/15286861944","create_time":"2018-06-11T07:57:05.000Z"}],"code":0}
*************** response log end ***************

[2018-06-11T16:29:00.331] [INFO] default - 
*************** response log start ***************
request method: GET
request originalUrl:  /api/toutiao
request client ip:  ::ffff:127.0.0.1
request query:  {}
response time: 5
response status: 200
response body: 
{"success":true,"message":"success","data":[{"id":198,"title":"小黄车可能还没黄，但它的对手又多了一个","group_id":"6564256869085348360","image_url":"//p3.pstatp.com/list/190x124/pgc-image/15283601225","create_time":"2018-06-11T08:26:40.000Z"},{"id":197,"title":"公交司机：要不要下车救人？全车人一呼百应：救！","group_id":"6565666765399917063","image_url":"//p3.pstatp.com/list/190x124/pgc-image/15286884038","create_time":"2018-06-11T08:25:39.000Z"},{"id":196,"title":"看看世界上最奇怪的这4种香蕉！各有特色！没吃过，市场上太少见","group_id":"6565699561434645000","image_url":"//p1.pstatp.com/list/190x124/pgc-image/15286955055","create_time":"2018-06-11T08:24:40.000Z"},{"id":195,"title":"南方农村把所有积蓄都用来建洋房豪宅 但又为何大门落锁无人居住","group_id":"6565631907080438276","image_url":"//p9.pstatp.com/list/190x124/pgc-image/15286801584","create_time":"2018-06-11T08:23:39.000Z"},{"id":194,"title":"秦陵兵马俑中价值最高的一个，困扰考古界20年，堪称无价之宝","group_id":"6556050472371749379","image_url":"//p3.pstatp.com/list/190x124/pgc-image/15264494099","create_time":"2018-06-11T08:22:35.000Z"},{"id":193,"title":"沙特留学生起诉ofo肖像侵权 要求赔偿30万","group_id":"6563405686288417294","image_url":"//p3.pstatp.com/list/190x124/pgc-image/15281619702","create_time":"2018-06-11T08:22:35.000Z"},{"id":191,"title":"世界杯各国禁令成亮点 德国队严格执行“禁欲令”","group_id":"6565444573659660804","image_url":"//p1.pstatp.com/list/190x124/pgc-image/15286353448","create_time":"2018-06-11T08:21:39.000Z"},{"id":192,"title":"金正恩怎么去的新加坡？谜底揭晓：乘坐中国国航专机","group_id":"6565676842349494788","image_url":"//i0.pstatp.com/list/8b520007b71434470239","create_time":"2018-06-11T08:21:39.000Z"},{"id":190,"title":"高考全国卷Ⅰ理综单选题被指出题不严谨 教育部门介入调查","group_id":"6565705799509737988","image_url":"//p3.pstatp.com/list/190x124/pgc-image/15286969651","create_time":"2018-06-11T08:20:35.000Z"},{"id":189,"title":"中俄关系密切让谁紧张？外媒：两国间已很难被“插入楔子”！","group_id":"6565458198214476291","image_url":"//p9.pstatp.com/list/190x124/pgc-image/15286398276","create_time":"2018-06-11T08:20:35.000Z"},{"id":188,"title":"公职人员办公室要这样配置！（附最新标准）","group_id":"6560841625130500616","image_url":"//p3.pstatp.com/list/190x124/pgc-image/15275649778","create_time":"2018-06-11T08:20:35.000Z"},{"id":187,"title":"关注！高考落幕 这些省份已公布高考成绩查询时间","group_id":"6565604476416164365","image_url":"//p9.pstatp.com/list/190x124/pgc-image/15286739157","create_time":"2018-06-11T08:19:38.000Z"}],"code":0}
*************** response log end ***************

[2018-06-11T16:34:55.524] [INFO] default - 
*************** response log start ***************
request method: GET
request originalUrl:  /api/toutiao
request client ip:  ::ffff:127.0.0.1
request query:  {}
response time: 5
response status: 200
response body: 
{"success":true,"message":"success","data":[{"id":200,"title":"看看世界上最奇怪的这4种香蕉！各有特色！没吃过，市场上太少见","group_id":"6565699561434645000","image_url":"//p1.pstatp.com/list/190x124/pgc-image/1528695505575cb50f03ad4","create_time":"2018-06-11T08:34:45.000Z"},{"id":201,"title":"中俄关系密切让谁紧张？外媒：两国间已很难被“插入楔子”！","group_id":"6565458198214476291","image_url":"//p9.pstatp.com/list/190x124/pgc-image/152863982761659dc004c98","create_time":"2018-06-11T08:34:45.000Z"},{"id":202,"title":"大动作，港澳通行证将被取代！","group_id":"6565692413522739719","image_url":"//p3.pstatp.com/list/190x124/pgc-image/15286943770829f4c25952e","create_time":"2018-06-11T08:34:45.000Z"},{"id":203,"title":"秦陵兵马俑中价值最高的一个，困扰考古界20年，堪称无价之宝","group_id":"6556050472371749379","image_url":"//p3.pstatp.com/list/190x124/pgc-image/15264494099702073841447","create_time":"2018-06-11T08:34:45.000Z"},{"id":204,"title":"二度入华！这次它真的要走了，连4S店都停售了！","group_id":"6565656252540518926","image_url":"//p3.pstatp.com/list/190x124/pgc-image/152868588189736f9c03531","create_time":"2018-06-11T08:34:45.000Z"},{"id":205,"title":"这所最年轻的985大学，简直是一股清流，从未改名，从未扩招","group_id":"6563524085643477512","image_url":"//p3.pstatp.com/list/190x124/pgc-image/15281877681173292cda672","create_time":"2018-06-11T08:34:45.000Z"},{"id":206,"title":"马路边晒麦草导致交通事故，农民应负责么？律师回答说……","group_id":"6565415672749228552","image_url":"//p1.pstatp.com/list/190x124/pgc-image/1528629910167e007fd9820","create_time":"2018-06-11T08:34:45.000Z"},{"id":207,"title":"与李显龙共进午餐 特朗普喝到“最爱”？服务员手拿百事可乐","group_id":"6565691523797615118","image_url":"//p9.pstatp.com/list/190x124/pgc-image/1528694859721b3ade73cd7","create_time":"2018-06-11T08:34:45.000Z"},{"id":208,"title":"风云二号H气象卫星发射成功，上海造气象卫星为“一带一路”保驾护航","group_id":"6563609106706334215","image_url":"//p3.pstatp.com/list/190x124/pgc-image/1528209332765b066d776bd","create_time":"2018-06-11T08:34:45.000Z"},{"id":209,"title":"王杜娟：打破“洋盾构”的垄断 带领“国产盾构”走出国门","group_id":"6565609731241542157","image_url":"//i0.pstatp.com/list/8b52000795524d82f91b","create_time":"2018-06-11T08:34:45.000Z"},{"id":210,"title":"白岩松没骗你：“俄罗斯世界杯，中国除了足球队没去，基本上其他都去了”","group_id":"6565702744017994247","image_url":"//i0.pstatp.com/list/8b56000152fd9393b482","create_time":"2018-06-11T08:34:45.000Z"},{"id":211,"title":"农民下水田为李克强让路，被总理一把拉上来","group_id":"6565719528859238926","image_url":"//p1.pstatp.com/list/190x124/pgc-image/1528700664998c50b7eaf94","create_time":"2018-06-11T08:34:45.000Z"}],"code":0}
*************** response log end ***************

[2018-06-11T16:35:54.048] [INFO] default - 
*************** response log start ***************
request method: GET
request originalUrl:  /api/toutiao
request client ip:  ::ffff:127.0.0.1
request query:  {}
response time: 3
response status: 200
response body: 
{"success":true,"message":"success","data":[{"id":218,"title":"新华社为这位天大人点赞！共享单车的实芯轮胎就是他的成果之一！","group_id":"6565505170787009031","image_url":"//p3.pstatp.com/list/190x124/pgc-image/1528650794116219edfa1d9","create_time":"2018-06-11T08:35:37.000Z"},{"id":219,"title":"南方农村把所有积蓄都用来建洋房豪宅 但又为何大门落锁无人居住","group_id":"6565631907080438276","image_url":"//p9.pstatp.com/list/190x124/pgc-image/1528680158400742fd01325","create_time":"2018-06-11T08:35:37.000Z"},{"id":220,"title":"业主新房4年未住却用200吨水 鉴定机构：水表没问题","group_id":"6565670025024242190","image_url":"//p3.pstatp.com/list/190x124/pgc-image/1528689159375b77e3c3814","create_time":"2018-06-11T08:35:37.000Z"},{"id":221,"title":"沙特留学生起诉ofo肖像侵权 要求赔偿30万","group_id":"6563405686288417294","image_url":"//p3.pstatp.com/list/190x124/pgc-image/1528161970278b78a1a946a","create_time":"2018-06-11T08:35:37.000Z"},{"id":222,"title":"实地探访：在中国最南端城市生活，是一种什么感受？","group_id":"6565670898970395139","image_url":"//p9.pstatp.com/list/190x124/pgc-image/152868934411603a37f077f","create_time":"2018-06-11T08:35:37.000Z"},{"id":200,"title":"看看世界上最奇怪的这4种香蕉！各有特色！没吃过，市场上太少见","group_id":"6565699561434645000","image_url":"//p1.pstatp.com/list/190x124/pgc-image/1528695505575cb50f03ad4","create_time":"2018-06-11T08:34:45.000Z"},{"id":201,"title":"中俄关系密切让谁紧张？外媒：两国间已很难被“插入楔子”！","group_id":"6565458198214476291","image_url":"//p9.pstatp.com/list/190x124/pgc-image/152863982761659dc004c98","create_time":"2018-06-11T08:34:45.000Z"},{"id":202,"title":"大动作，港澳通行证将被取代！","group_id":"6565692413522739719","image_url":"//p3.pstatp.com/list/190x124/pgc-image/15286943770829f4c25952e","create_time":"2018-06-11T08:34:45.000Z"},{"id":203,"title":"秦陵兵马俑中价值最高的一个，困扰考古界20年，堪称无价之宝","group_id":"6556050472371749379","image_url":"//p3.pstatp.com/list/190x124/pgc-image/15264494099702073841447","create_time":"2018-06-11T08:34:45.000Z"},{"id":204,"title":"二度入华！这次它真的要走了，连4S店都停售了！","group_id":"6565656252540518926","image_url":"//p3.pstatp.com/list/190x124/pgc-image/152868588189736f9c03531","create_time":"2018-06-11T08:34:45.000Z"},{"id":205,"title":"这所最年轻的985大学，简直是一股清流，从未改名，从未扩招","group_id":"6563524085643477512","image_url":"//p3.pstatp.com/list/190x124/pgc-image/15281877681173292cda672","create_time":"2018-06-11T08:34:45.000Z"},{"id":206,"title":"马路边晒麦草导致交通事故，农民应负责么？律师回答说……","group_id":"6565415672749228552","image_url":"//p1.pstatp.com/list/190x124/pgc-image/1528629910167e007fd9820","create_time":"2018-06-11T08:34:45.000Z"}],"code":0}
*************** response log end ***************

