[2018-06-07T18:35:02.715] [INFO] default - 
*************** response log start ***************
request method: GET
request originalUrl:  /api/toutiao
request client ip:  ::ffff:127.0.0.1
request query:  {}
response time: 706
response status: 200
response body: 
{"success":true,"message":"success","data":[],"code":0}
*************** response log end ***************

[2018-06-07T18:43:41.807] [INFO] default - 
*************** response log start ***************
request method: GET
request originalUrl:  /api/toutiao
request client ip:  ::ffff:127.0.0.1
request query:  {}
response time: 5
response status: 200
response body: 
{"success":false,"message":"获取今日头条接口失败","data":{},"code":-10000}
*************** response log end ***************

[2018-06-07T18:43:49.459] [INFO] default - 
*************** response log start ***************
request method: GET
request originalUrl:  /api/toutiao
request client ip:  ::ffff:127.0.0.1
request query:  {}
response time: 1
response status: 200
response body: 
{"success":false,"message":"获取今日头条接口失败","data":{},"code":-10000}
*************** response log end ***************

[2018-06-07T18:53:56.204] [INFO] default - 
*************** response log start ***************
request method: GET
request originalUrl:  /api/toutiao
request client ip:  ::ffff:127.0.0.1
request query:  {}
response time: 5
response status: 200
response body: 
{"success":false,"message":"获取今日头条接口失败","data":{},"code":-10000}
*************** response log end ***************

[2018-06-07T18:55:14.107] [INFO] default - 
*************** response log start ***************
request method: GET
request originalUrl:  /api/toutiao
request client ip:  ::ffff:127.0.0.1
request query:  {}
response time: 587
response status: 200
response body: 
{"success":true,"message":"success","data":[],"code":0}
*************** response log end ***************

[2018-06-07T18:57:31.552] [INFO] default - 
*************** response log start ***************
request method: GET
request originalUrl:  /api/toutiao
request client ip:  ::ffff:127.0.0.1
request query:  {}
response time: 622
response status: 200
response body: 
{"success":true,"message":"success","data":[],"code":0}
*************** response log end ***************

[2018-06-07T18:58:37.035] [INFO] default - 
*************** response log start ***************
request method: GET
request originalUrl:  /api/toutiao
request client ip:  ::ffff:127.0.0.1
request query:  {}
response time: 725
response status: 200
response body: 
{"success":true,"message":"success","data":[],"code":0}
*************** response log end ***************

