[2018-10-15T15:00:02.578] [INFO] default - 
*************** response log start ***************
request method: GET
request originalUrl:  /api/zhihu
request client ip:  ::1
request query:  {}
response time: 278
response status: 200
response body: 
{"success":true,"message":"success","data":{"date":"20181015","stories":[{"images":["https://pic1.zhimg.com/v2-ca4be4bcbfb54a9cd5f72806b1b79bb4.jpg"],"type":0,"id":9698205,"ga_prefix":"101513","title":"想去日企工作，就少看点动漫吧"},{"images":["https://pic4.zhimg.com/v2-892d813b3a7fda20a9244d62933018f3.jpg"],"type":0,"id":9698474,"ga_prefix":"101512","title":"大误 · 酒店里的奇怪暗号"},{"images":["https://pic3.zhimg.com/v2-bb06facccc023aed18cce7b99b641156.jpg"],"type":0,"id":9698461,"ga_prefix":"101510","title":"感觉自己部门的离职率好高，似乎说明……"},{"images":["https://pic1.zhimg.com/v2-4abeef9dd97bb0b628d8cc41d59345f0.jpg"],"type":0,"id":9698453,"ga_prefix":"101509","title":"唉，你们这些巨星，真是爱挑战我 NBA 的底线"},{"images":["https://pic3.zhimg.com/v2-75adb80ad9aaa11ae93b9eafbe6e19ce.jpg"],"type":0,"id":9698301,"ga_prefix":"101508","title":"现在不好好读书，长大后就对不起你的孩子"},{"images":["https://pic2.zhimg.com/v2-d4d14cbea360131056a7ac2f978ce09d.jpg"],"type":0,"id":9698323,"ga_prefix":"101507","title":"地球上最强大的两个种族间的战争，最后人类还是输了"},{"images":["https://pic4.zhimg.com/v2-6cd13b2e003613801f227215883b009b.jpg"],"type":0,"id":9698485,"ga_prefix":"101507","title":"你有权利要求剖腹产，但作为医生，我也有权利负责任地拒绝你"},{"images":["https://pic2.zhimg.com/v2-c21c3cdb5ebd138ce64508da1e1b415d.jpg"],"type":0,"id":9698468,"ga_prefix":"101506","title":"瞎扯 · 如何正确地吐槽"},{"images":["https://pic4.zhimg.com/v2-e9b801206c736fa95280317f2210b5c3.jpg"],"type":0,"id":9698063,"ga_prefix":"101422","title":"小事 · 老师说过四句话"},{"images":["https://pic2.zhimg.com/v2-5e52bcb3e992013485b0891d3567db5d.jpg"],"type":0,"id":9697533,"ga_prefix":"101421","title":"我俩都爱抖包袱，不过小新抖得更露骨，可以当相声听"},{"images":["https://pic2.zhimg.com/v2-80d10eafb4e329b17b766777a6ed5abd.jpg"],"type":0,"id":9698233,"ga_prefix":"101419","title":"这帮响当当的「蜀二代」，一个能打的都没有"},{"images":["https://pic4.zhimg.com/v2-d645787127ac1eb12f7967e550ec481b.jpg"],"type":0,"id":9697852,"ga_prefix":"101418","title":"- 连钱都解决不了的问题……\r\n- 用蝙蝠侠解决"}],"top_stories":[{"image":"https://pic4.zhimg.com/v2-19ac578c9a4de05c602f506ab048f627.jpg","type":0,"id":9698461,"ga_prefix":"101510","title":"感觉自己部门的离职率好高，似乎说明……"},{"image":"https://pic3.zhimg.com/v2-e6b2ab7d71e7c1043a863232c9da9f6e.jpg","type":0,"id":9698485,"ga_prefix":"101507","title":"你有权利要求剖腹产，但作为医生，我也有权利负责任地拒绝你"},{"image":"https://pic1.zhimg.com/v2-804bed172a36b724467f21ae419e19c4.jpg","type":0,"id":9698233,"ga_prefix":"101419","title":"这帮响当当的「蜀二代」，一个能打的都没有"},{"image":"https://pic4.zhimg.com/v2-5a94176964f452c4f491bfb44e3b66e7.jpg","type":0,"id":9697852,"ga_prefix":"101418","title":"- 连钱都解决不了的问题……\r\n- 用蝙蝠侠解决"},{"image":"https://pic2.zhimg.com/v2-81438ee811f29317c044d95595b3975d.jpg","type":0,"id":9698469,"ga_prefix":"101410","title":"美国创新史最大骗局落幕：还原「女版乔布斯」人设倒塌全过程"}]},"code":0}
*************** response log end ***************

[2018-10-15T15:00:45.697] [INFO] default - 
*************** response log start ***************
request method: GET
request originalUrl:  /api/zhihu
request client ip:  ::1
request query:  {}
response time: 288
response status: 200
response body: 
{"success":true,"message":"success","data":{"date":"20181015","stories":[{"images":["https://pic4.zhimg.com/v2-b4c94661a02f3ab9cb5372e7606ad6f3.jpg"],"type":0,"id":9698419,"ga_prefix":"101515","title":"腾讯音乐即将 IPO，估值全靠用户多"},{"images":["https://pic1.zhimg.com/v2-ca4be4bcbfb54a9cd5f72806b1b79bb4.jpg"],"type":0,"id":9698205,"ga_prefix":"101513","title":"想去日企工作，就少看点动漫吧"},{"images":["https://pic4.zhimg.com/v2-892d813b3a7fda20a9244d62933018f3.jpg"],"type":0,"id":9698474,"ga_prefix":"101512","title":"大误 · 酒店里的奇怪暗号"},{"images":["https://pic3.zhimg.com/v2-bb06facccc023aed18cce7b99b641156.jpg"],"type":0,"id":9698461,"ga_prefix":"101510","title":"感觉自己部门的离职率好高，似乎说明……"},{"images":["https://pic1.zhimg.com/v2-4abeef9dd97bb0b628d8cc41d59345f0.jpg"],"type":0,"id":9698453,"ga_prefix":"101509","title":"唉，你们这些巨星，真是爱挑战我 NBA 的底线"},{"images":["https://pic3.zhimg.com/v2-75adb80ad9aaa11ae93b9eafbe6e19ce.jpg"],"type":0,"id":9698301,"ga_prefix":"101508","title":"现在不好好读书，长大后就对不起你的孩子"},{"images":["https://pic2.zhimg.com/v2-d4d14cbea360131056a7ac2f978ce09d.jpg"],"type":0,"id":9698323,"ga_prefix":"101507","title":"地球上最强大的两个种族间的战争，最后人类还是输了"},{"images":["https://pic4.zhimg.com/v2-6cd13b2e003613801f227215883b009b.jpg"],"type":0,"id":9698485,"ga_prefix":"101507","title":"你有权利要求剖腹产，但作为医生，我也有权利负责任地拒绝你"},{"images":["https://pic2.zhimg.com/v2-c21c3cdb5ebd138ce64508da1e1b415d.jpg"],"type":0,"id":9698468,"ga_prefix":"101506","title":"瞎扯 · 如何正确地吐槽"},{"images":["https://pic4.zhimg.com/v2-e9b801206c736fa95280317f2210b5c3.jpg"],"type":0,"id":9698063,"ga_prefix":"101422","title":"小事 · 老师说过四句话"},{"images":["https://pic2.zhimg.com/v2-5e52bcb3e992013485b0891d3567db5d.jpg"],"type":0,"id":9697533,"ga_prefix":"101421","title":"我俩都爱抖包袱，不过小新抖得更露骨，可以当相声听"},{"images":["https://pic2.zhimg.com/v2-80d10eafb4e329b17b766777a6ed5abd.jpg"],"type":0,"id":9698233,"ga_prefix":"101419","title":"这帮响当当的「蜀二代」，一个能打的都没有"}],"top_stories":[{"image":"https://pic4.zhimg.com/v2-19ac578c9a4de05c602f506ab048f627.jpg","type":0,"id":9698461,"ga_prefix":"101510","title":"感觉自己部门的离职率好高，似乎说明……"},{"image":"https://pic3.zhimg.com/v2-e6b2ab7d71e7c1043a863232c9da9f6e.jpg","type":0,"id":9698485,"ga_prefix":"101507","title":"你有权利要求剖腹产，但作为医生，我也有权利负责任地拒绝你"},{"image":"https://pic1.zhimg.com/v2-804bed172a36b724467f21ae419e19c4.jpg","type":0,"id":9698233,"ga_prefix":"101419","title":"这帮响当当的「蜀二代」，一个能打的都没有"},{"image":"https://pic4.zhimg.com/v2-5a94176964f452c4f491bfb44e3b66e7.jpg","type":0,"id":9697852,"ga_prefix":"101418","title":"- 连钱都解决不了的问题……\r\n- 用蝙蝠侠解决"},{"image":"https://pic2.zhimg.com/v2-81438ee811f29317c044d95595b3975d.jpg","type":0,"id":9698469,"ga_prefix":"101410","title":"美国创新史最大骗局落幕：还原「女版乔布斯」人设倒塌全过程"}]},"code":0}
*************** response log end ***************

[2018-10-15T15:01:58.919] [INFO] default - 
*************** response log start ***************
request method: GET
request originalUrl:  /pages/toutiao/index.html
request client ip:  ::1
request query:  {}
response time: 0
response status: 404
response body: 
undefined
*************** response log end ***************

[2018-10-15T15:02:01.708] [INFO] default - 
*************** response log start ***************
request method: GET
request originalUrl:  /pages/toutiao/index.html
request client ip:  ::1
request query:  {}
response time: 0
response status: 404
response body: 
undefined
*************** response log end ***************

[2018-10-15T15:02:06.397] [INFO] default - 
*************** response log start ***************
request method: GET
request originalUrl:  /pages/toutiao/index.html
request client ip:  ::1
request query:  {}
response time: 0
response status: 404
response body: 
undefined
*************** response log end ***************

[2018-10-15T15:02:14.957] [INFO] default - 
*************** response log start ***************
request method: GET
request originalUrl:  /api/zhihu
request client ip:  ::1
request query:  {}
response time: 977
response status: 200
response body: 
{"success":true,"message":"success","data":{"date":"20181015","stories":[{"images":["https://pic4.zhimg.com/v2-b4c94661a02f3ab9cb5372e7606ad6f3.jpg"],"type":0,"id":9698419,"ga_prefix":"101515","title":"腾讯音乐即将 IPO，估值全靠用户多"},{"images":["https://pic1.zhimg.com/v2-ca4be4bcbfb54a9cd5f72806b1b79bb4.jpg"],"type":0,"id":9698205,"ga_prefix":"101513","title":"想去日企工作，就少看点动漫吧"},{"images":["https://pic4.zhimg.com/v2-892d813b3a7fda20a9244d62933018f3.jpg"],"type":0,"id":9698474,"ga_prefix":"101512","title":"大误 · 酒店里的奇怪暗号"},{"images":["https://pic3.zhimg.com/v2-bb06facccc023aed18cce7b99b641156.jpg"],"type":0,"id":9698461,"ga_prefix":"101510","title":"感觉自己部门的离职率好高，似乎说明……"},{"images":["https://pic1.zhimg.com/v2-4abeef9dd97bb0b628d8cc41d59345f0.jpg"],"type":0,"id":9698453,"ga_prefix":"101509","title":"唉，你们这些巨星，真是爱挑战我 NBA 的底线"},{"images":["https://pic3.zhimg.com/v2-75adb80ad9aaa11ae93b9eafbe6e19ce.jpg"],"type":0,"id":9698301,"ga_prefix":"101508","title":"现在不好好读书，长大后就对不起你的孩子"},{"images":["https://pic2.zhimg.com/v2-d4d14cbea360131056a7ac2f978ce09d.jpg"],"type":0,"id":9698323,"ga_prefix":"101507","title":"地球上最强大的两个种族间的战争，最后人类还是输了"},{"images":["https://pic4.zhimg.com/v2-6cd13b2e003613801f227215883b009b.jpg"],"type":0,"id":9698485,"ga_prefix":"101507","title":"你有权利要求剖腹产，但作为医生，我也有权利负责任地拒绝你"},{"images":["https://pic2.zhimg.com/v2-c21c3cdb5ebd138ce64508da1e1b415d.jpg"],"type":0,"id":9698468,"ga_prefix":"101506","title":"瞎扯 · 如何正确地吐槽"},{"images":["https://pic4.zhimg.com/v2-e9b801206c736fa95280317f2210b5c3.jpg"],"type":0,"id":9698063,"ga_prefix":"101422","title":"小事 · 老师说过四句话"},{"images":["https://pic2.zhimg.com/v2-5e52bcb3e992013485b0891d3567db5d.jpg"],"type":0,"id":9697533,"ga_prefix":"101421","title":"我俩都爱抖包袱，不过小新抖得更露骨，可以当相声听"},{"images":["https://pic2.zhimg.com/v2-80d10eafb4e329b17b766777a6ed5abd.jpg"],"type":0,"id":9698233,"ga_prefix":"101419","title":"这帮响当当的「蜀二代」，一个能打的都没有"}],"top_stories":[{"image":"https://pic4.zhimg.com/v2-19ac578c9a4de05c602f506ab048f627.jpg","type":0,"id":9698461,"ga_prefix":"101510","title":"感觉自己部门的离职率好高，似乎说明……"},{"image":"https://pic3.zhimg.com/v2-e6b2ab7d71e7c1043a863232c9da9f6e.jpg","type":0,"id":9698485,"ga_prefix":"101507","title":"你有权利要求剖腹产，但作为医生，我也有权利负责任地拒绝你"},{"image":"https://pic1.zhimg.com/v2-804bed172a36b724467f21ae419e19c4.jpg","type":0,"id":9698233,"ga_prefix":"101419","title":"这帮响当当的「蜀二代」，一个能打的都没有"},{"image":"https://pic4.zhimg.com/v2-5a94176964f452c4f491bfb44e3b66e7.jpg","type":0,"id":9697852,"ga_prefix":"101418","title":"- 连钱都解决不了的问题……\r\n- 用蝙蝠侠解决"},{"image":"https://pic2.zhimg.com/v2-81438ee811f29317c044d95595b3975d.jpg","type":0,"id":9698469,"ga_prefix":"101410","title":"美国创新史最大骗局落幕：还原「女版乔布斯」人设倒塌全过程"}]},"code":0}
*************** response log end ***************

