[2018-06-11T15:15:18.932] [INFO] jobLog - 
*************** jobInfo log start ***************
定时任务名称： 今日头条
获取到数据 2 条
请求url  https://www.toutiao.com/
耗时： 19833
*************** jobInfo log end ***************

[2018-06-11T15:16:54.187] [INFO] jobLog - 
*************** jobInfo log start ***************
定时任务名称： 今日头条
获取到数据 19 条
请求url  https://www.toutiao.com/
耗时： 19991
*************** jobInfo log end ***************

[2018-06-11T15:26:01.326] [INFO] jobLog - 
*************** jobInfo log start ***************
定时任务名称： 今日头条
获取到数据 9 条
请求url  https://www.toutiao.com/
耗时： 25230
*************** jobInfo log end ***************

[2018-06-11T15:31:53.059] [INFO] jobLog - 
*************** jobInfo log start ***************
定时任务名称： 今日头条
获取到数据 12 条
请求url  https://www.toutiao.com/
耗时： 30426
*************** jobInfo log end ***************

[2018-06-11T15:40:32.184] [INFO] jobLog - 
*************** jobInfo log start ***************
定时任务名称： 今日头条
获取到数据 11 条
请求url  https://www.toutiao.com/
耗时： 25338
*************** jobInfo log end ***************

[2018-06-11T15:45:10.883] [INFO] jobLog - 
*************** jobInfo log start ***************
定时任务名称： 今日头条
获取到数据 12 条
请求url  https://www.toutiao.com/
耗时： 30708
*************** jobInfo log end ***************

[2018-06-11T15:49:46.742] [INFO] jobLog - 
*************** jobInfo log start ***************
定时任务名称： 今日头条
获取到数据 38 条
请求url  https://www.toutiao.com/
耗时： 37101
*************** jobInfo log end ***************

[2018-06-11T15:57:05.770] [INFO] jobLog - 
*************** jobInfo log start ***************
定时任务名称： 今日头条
获取到数据 36 条
请求url  https://www.toutiao.com/
耗时： 60766
*************** jobInfo log end ***************

[2018-06-11T15:59:55.635] [INFO] jobLog - 
*************** jobInfo log start ***************
定时任务名称： 今日头条
获取到数据 38 条
请求url  https://www.toutiao.com/
耗时： 50631
*************** jobInfo log end ***************

