[2018-06-10T20:09:31.124] [INFO] jobLog - 
*************** jobInfo log start ***************
定时任务名称： 今日头条
获取到数据 0 条
请求url  https://www.toutiao.com/api/pc/feed/?min_behot_time=0&category=__all__&utm_source=toutiao&widen=1&tadrequire=true&as=A1459BC1BDA14FB&cp=5B1DB1148FEBCE1&_signature=rpV6mBAS9Zz5ojLDfx2Vz66Veo
耗时： 122
*************** jobInfo log end ***************

[2018-06-10T20:09:31.127] [INFO] jobLog - 
*************** jobInfo log start ***************
定时任务名称： 今日头条
获取到数据 0 条
请求url  https://www.toutiao.com/api/pc/feed/?min_behot_time=0&category=__all__&utm_source=toutiao&widen=1&tadrequire=true&as=A1459BC1BDA14FB&cp=5B1DB1148FEBCE1&_signature=rpV6mBAS9Zz5ojLDfx2Vz66Veo
耗时： 108
*************** jobInfo log end ***************

[2018-06-10T20:11:07.094] [INFO] jobLog - 
*************** jobInfo log start ***************
定时任务名称： 今日头条
获取到数据 0 条
请求url  https://www.toutiao.com/api/pc/feed/?min_behot_time=0&category=__all__&utm_source=toutiao&widen=1&tadrequire=true&as=A155BBB19D0155A&cp=5B1D6125D58A9E1&_signature=rpV6mBAS9Zz5ojLDfx2Vz66Veo
耗时： 102
*************** jobInfo log end ***************

[2018-06-10T20:11:07.096] [INFO] jobLog - 
*************** jobInfo log start ***************
定时任务名称： 今日头条
获取到数据 0 条
请求url  https://www.toutiao.com/api/pc/feed/?min_behot_time=0&category=__all__&utm_source=toutiao&widen=1&tadrequire=true&as=A155BBB19D0155A&cp=5B1D6125D58A9E1&_signature=rpV6mBAS9Zz5ojLDfx2Vz66Veo
耗时： 111
*************** jobInfo log end ***************

[2018-06-10T20:13:03.394] [INFO] jobLog - 
*************** jobInfo log start ***************
定时任务名称： 今日头条
获取到数据 0 条
请求url  https://www.toutiao.com/api/pc/feed/?min_behot_time=0&category=__all__&utm_source=toutiao&widen=1&tadrequire=true&as=A1C5DB210D715CF&cp=5B1DD175FC6F2E1&_signature=rpV6mBAS9Zz5ojLDfx2Vz66Veo
耗时： 102
*************** jobInfo log end ***************

[2018-06-10T20:13:03.400] [INFO] jobLog - 
*************** jobInfo log start ***************
定时任务名称： 今日头条
获取到数据 0 条
请求url  https://www.toutiao.com/api/pc/feed/?min_behot_time=0&category=__all__&utm_source=toutiao&widen=1&tadrequire=true&as=A1C5DB210D715CF&cp=5B1DD175FC6F2E1&_signature=rpV6mBAS9Zz5ojLDfx2Vz66Veo
耗时： 113
*************** jobInfo log end ***************

