[2018-06-11T16:01:00.612] [INFO] jobLog - 
*************** jobInfo log start ***************
定时任务名称： 今日头条
获取到数据 35 条
请求url  https://www.toutiao.com/
耗时： 55608
*************** jobInfo log end ***************

[2018-06-11T16:02:56.248] [INFO] jobLog - 
*************** jobInfo log start ***************
定时任务名称： 今日头条
获取到数据 35 条
请求url  https://www.toutiao.com/
耗时： 51242
*************** jobInfo log end ***************

[2018-06-11T16:04:01.614] [INFO] jobLog - 
*************** jobInfo log start ***************
定时任务名称： 今日头条
获取到数据 31 条
请求url  https://www.toutiao.com/
耗时： 56605
*************** jobInfo log end ***************

[2018-06-11T16:06:06.366] [INFO] jobLog - 
*************** jobInfo log start ***************
定时任务名称： 今日头条
获取到数据 33 条
请求url  https://www.toutiao.com/
耗时： 61364
*************** jobInfo log end ***************

[2018-06-11T16:06:56.171] [INFO] jobLog - 
*************** jobInfo log start ***************
定时任务名称： 今日头条
获取到数据 30 条
请求url  https://www.toutiao.com/
耗时： 49849
*************** jobInfo log end ***************

[2018-06-11T16:07:58.502] [INFO] jobLog - 
*************** jobInfo log start ***************
定时任务名称： 今日头条
获取到数据 37 条
请求url  https://www.toutiao.com/
耗时： 53497
*************** jobInfo log end ***************

[2018-06-11T16:08:55.283] [INFO] jobLog - 
*************** jobInfo log start ***************
定时任务名称： 今日头条
获取到数据 31 条
请求url  https://www.toutiao.com/
耗时： 50276
*************** jobInfo log end ***************

[2018-06-11T16:09:43.853] [INFO] jobLog - 
*************** jobInfo log start ***************
定时任务名称： 今日头条
获取到数据 30 条
请求url  https://www.toutiao.com/
耗时： 38847
*************** jobInfo log end ***************

[2018-06-11T16:17:17.373] [INFO] jobLog - 
*************** jobInfo log start ***************
定时任务名称： 今日头条
获取到数据 16 条
请求url  https://www.toutiao.com/
耗时： 31960
*************** jobInfo log end ***************

[2018-06-11T16:19:38.338] [INFO] jobLog - 
*************** jobInfo log start ***************
定时任务名称： 今日头条
获取到数据 13 条
请求url  https://www.toutiao.com/
耗时： 33335
*************** jobInfo log end ***************

[2018-06-11T16:20:35.539] [INFO] jobLog - 
*************** jobInfo log start ***************
定时任务名称： 今日头条
获取到数据 13 条
请求url  https://www.toutiao.com/
耗时： 30533
*************** jobInfo log end ***************

[2018-06-11T16:21:39.191] [INFO] jobLog - 
*************** jobInfo log start ***************
定时任务名称： 今日头条
获取到数据 13 条
请求url  https://www.toutiao.com/
耗时： 34185
*************** jobInfo log end ***************

[2018-06-11T16:22:35.129] [INFO] jobLog - 
*************** jobInfo log start ***************
定时任务名称： 今日头条
获取到数据 13 条
请求url  https://www.toutiao.com/
耗时： 30124
*************** jobInfo log end ***************

[2018-06-11T16:23:39.471] [INFO] jobLog - 
*************** jobInfo log start ***************
定时任务名称： 今日头条
获取到数据 14 条
请求url  https://www.toutiao.com/
耗时： 34464
*************** jobInfo log end ***************

[2018-06-11T16:24:40.144] [INFO] jobLog - 
*************** jobInfo log start ***************
定时任务名称： 今日头条
获取到数据 16 条
请求url  https://www.toutiao.com/
耗时： 35139
*************** jobInfo log end ***************

[2018-06-11T16:25:39.520] [INFO] jobLog - 
*************** jobInfo log start ***************
定时任务名称： 今日头条
获取到数据 15 条
请求url  https://www.toutiao.com/
耗时： 34515
*************** jobInfo log end ***************

[2018-06-11T16:26:40.922] [INFO] jobLog - 
*************** jobInfo log start ***************
定时任务名称： 今日头条
获取到数据 16 条
请求url  https://www.toutiao.com/
耗时： 35915
*************** jobInfo log end ***************

[2018-06-11T16:27:35.228] [INFO] jobLog - 
*************** jobInfo log start ***************
定时任务名称： 今日头条
获取到数据 13 条
请求url  https://www.toutiao.com/
耗时： 30224
*************** jobInfo log end ***************

[2018-06-11T16:28:36.180] [INFO] jobLog - 
*************** jobInfo log start ***************
定时任务名称： 今日头条
获取到数据 14 条
请求url  https://www.toutiao.com/
耗时： 31173
*************** jobInfo log end ***************

[2018-06-11T16:29:45.061] [INFO] jobLog - 
*************** jobInfo log start ***************
定时任务名称： 今日头条
获取到数据 14 条
请求url  https://www.toutiao.com/
耗时： 40056
*************** jobInfo log end ***************

[2018-06-11T16:34:45.163] [INFO] jobLog - 
*************** jobInfo log start ***************
定时任务名称： 今日头条
获取到数据 18 条
请求url  https://www.toutiao.com/
耗时： 40157
*************** jobInfo log end ***************

[2018-06-11T16:35:37.926] [INFO] jobLog - 
*************** jobInfo log start ***************
定时任务名称： 今日头条
获取到数据 18 条
请求url  https://www.toutiao.com/
耗时： 32921
*************** jobInfo log end ***************

[2018-06-11T16:38:46.421] [INFO] jobLog - 
*************** jobInfo log start ***************
定时任务名称： 今日头条
获取到数据 18 条
请求url  https://www.toutiao.com/
耗时： 41412
*************** jobInfo log end ***************

[2018-06-11T16:39:36.347] [INFO] jobLog - 
*************** jobInfo log start ***************
定时任务名称： 今日头条
获取到数据 18 条
请求url  https://www.toutiao.com/
耗时： 31341
*************** jobInfo log end ***************

[2018-06-11T16:40:38.401] [INFO] jobLog - 
*************** jobInfo log start ***************
定时任务名称： 今日头条
获取到数据 19 条
请求url  https://www.toutiao.com/
耗时： 33392
*************** jobInfo log end ***************

[2018-06-11T16:41:37.745] [INFO] jobLog - 
*************** jobInfo log start ***************
定时任务名称： 今日头条
获取到数据 18 条
请求url  https://www.toutiao.com/
耗时： 32738
*************** jobInfo log end ***************

[2018-06-11T16:42:37.540] [INFO] jobLog - 
*************** jobInfo log start ***************
定时任务名称： 今日头条
获取到数据 18 条
请求url  https://www.toutiao.com/
耗时： 32534
*************** jobInfo log end ***************

[2018-06-11T16:43:39.701] [INFO] jobLog - 
*************** jobInfo log start ***************
定时任务名称： 今日头条
获取到数据 18 条
请求url  https://www.toutiao.com/
耗时： 34695
*************** jobInfo log end ***************

[2018-06-11T16:44:40.493] [INFO] jobLog - 
*************** jobInfo log start ***************
定时任务名称： 今日头条
获取到数据 18 条
请求url  https://www.toutiao.com/
耗时： 35486
*************** jobInfo log end ***************

[2018-06-11T16:45:41.243] [INFO] jobLog - 
*************** jobInfo log start ***************
定时任务名称： 今日头条
获取到数据 17 条
请求url  https://www.toutiao.com/
耗时： 36238
*************** jobInfo log end ***************

[2018-06-11T16:46:36.378] [INFO] jobLog - 
*************** jobInfo log start ***************
定时任务名称： 今日头条
获取到数据 19 条
请求url  https://www.toutiao.com/
耗时： 31370
*************** jobInfo log end ***************

[2018-06-11T16:47:37.058] [INFO] jobLog - 
*************** jobInfo log start ***************
定时任务名称： 今日头条
获取到数据 20 条
请求url  https://www.toutiao.com/
耗时： 32050
*************** jobInfo log end ***************

[2018-06-11T16:48:41.280] [INFO] jobLog - 
*************** jobInfo log start ***************
定时任务名称： 今日头条
获取到数据 18 条
请求url  https://www.toutiao.com/
耗时： 36271
*************** jobInfo log end ***************

[2018-06-11T16:51:48.382] [INFO] jobLog - 
*************** jobInfo log start ***************
定时任务名称： 今日头条
获取到数据 19 条
请求url  https://www.toutiao.com/
耗时： 43364
*************** jobInfo log end ***************

[2018-06-11T16:55:48.480] [INFO] jobLog - 
*************** jobInfo log start ***************
定时任务名称： 今日头条
获取到数据 18 条
请求url  https://www.toutiao.com/
耗时： 43475
*************** jobInfo log end ***************

[2018-06-11T16:56:47.209] [INFO] jobLog - 
*************** jobInfo log start ***************
定时任务名称： 今日头条
获取到数据 18 条
请求url  https://www.toutiao.com/
耗时： 42200
*************** jobInfo log end ***************

