[2018-10-15T15:00:45.171] [INFO] jobLog - 
*************** jobInfo log start ***************
定时任务名称： 今日头条
获取到数据 21 条
请求url  https://www.toutiao.com/
耗时： 40166
*************** jobInfo log end ***************

[2018-10-15T15:01:58.939] [INFO] jobLog - 
*************** jobInfo log start ***************
定时任务名称： 今日头条
获取到数据 21 条
请求url  https://www.toutiao.com/
耗时： 53936
*************** jobInfo log end ***************

[2018-10-15T15:03:16.010] [INFO] jobLog - 
*************** jobInfo log start ***************
定时任务名称： 今日头条
获取到数据 21 条
请求url  https://www.toutiao.com/
耗时： 71002
*************** jobInfo log end ***************

[2018-10-15T15:04:00.900] [INFO] jobLog - 
*************** jobInfo log start ***************
定时任务名称： 今日头条
获取到数据 21 条
请求url  https://www.toutiao.com/
耗时： 44931
*************** jobInfo log end ***************

[2018-10-15T15:04:52.685] [INFO] jobLog - 
*************** jobInfo log start ***************
定时任务名称： 今日头条
获取到数据 21 条
请求url  https://www.toutiao.com/
耗时： 47683
*************** jobInfo log end ***************

[2018-10-15T15:05:51.350] [INFO] jobLog - 
*************** jobInfo log start ***************
定时任务名称： 今日头条
获取到数据 21 条
请求url  https://www.toutiao.com/
耗时： 46345
*************** jobInfo log end ***************

[2018-10-15T15:06:55.139] [INFO] jobLog - 
*************** jobInfo log start ***************
定时任务名称： 今日头条
获取到数据 21 条
请求url  https://www.toutiao.com/
耗时： 50136
*************** jobInfo log end ***************

[2018-10-15T15:07:47.266] [INFO] jobLog - 
*************** jobInfo log start ***************
定时任务名称： 今日头条
获取到数据 21 条
请求url  https://www.toutiao.com/
耗时： 42261
*************** jobInfo log end ***************

