[2018-06-07T17:58:35.665] [ERROR] error - 
*************** error log start ***************
request method: GET
request originalUrl:  /api/toutiao
request client ip:  ::ffff:127.0.0.1
request query:  {}
response time: 2
err name: ReferenceError
err message: s is not defined
err stack: ReferenceError: s is not defined
    at a (D:\personal\project\krv\controllers\api.js:99:27)
    at toutiao (D:\personal\project\krv\controllers\api.js:105:15)
    at dispatch (D:\personal\project\krv\node_modules\koa-router\node_modules\koa-compose\index.js:44:32)
    at next (D:\personal\project\krv\node_modules\koa-router\node_modules\koa-compose\index.js:45:18)
    at D:\personal\project\krv\node_modules\koa-router\lib\router.js:346:16
    at dispatch (D:\personal\project\krv\node_modules\koa-router\node_modules\koa-compose\index.js:44:32)
    at D:\personal\project\krv\node_modules\koa-router\node_modules\koa-compose\index.js:36:12
    at dispatch (D:\personal\project\krv\node_modules\koa-router\lib\router.js:351:31)
    at dispatch (D:\personal\project\krv\node_modules\koa-compose\index.js:42:32)
    at next (D:\personal\project\krv\node_modules\koa-compose\index.js:43:18)
    at app.use (D:\personal\project\krv\app.js:36:11)
    at dispatch (D:\personal\project\krv\node_modules\koa-compose\index.js:42:32)
    at next (D:\personal\project\krv\node_modules\koa-compose\index.js:43:18)
    at views (D:\personal\project\krv\node_modules\koa-views\lib\index.js:61:12)
    at dispatch (D:\personal\project\krv\node_modules\koa-compose\index.js:42:32)
    at next (D:\personal\project\krv\node_modules\koa-compose\index.js:43:18)
*************** error log end ***************

[2018-06-07T17:58:43.531] [ERROR] error - 
*************** error log start ***************
request method: GET
request originalUrl:  /api/toutiao
request client ip:  ::ffff:127.0.0.1
request query:  {}
response time: 1
err name: ReferenceError
err message: s is not defined
err stack: ReferenceError: s is not defined
    at a (D:\personal\project\krv\controllers\api.js:99:27)
    at toutiao (D:\personal\project\krv\controllers\api.js:105:15)
    at dispatch (D:\personal\project\krv\node_modules\koa-router\node_modules\koa-compose\index.js:44:32)
    at next (D:\personal\project\krv\node_modules\koa-router\node_modules\koa-compose\index.js:45:18)
    at D:\personal\project\krv\node_modules\koa-router\lib\router.js:346:16
    at dispatch (D:\personal\project\krv\node_modules\koa-router\node_modules\koa-compose\index.js:44:32)
    at D:\personal\project\krv\node_modules\koa-router\node_modules\koa-compose\index.js:36:12
    at dispatch (D:\personal\project\krv\node_modules\koa-router\lib\router.js:351:31)
    at dispatch (D:\personal\project\krv\node_modules\koa-compose\index.js:42:32)
    at next (D:\personal\project\krv\node_modules\koa-compose\index.js:43:18)
    at app.use (D:\personal\project\krv\app.js:36:11)
    at dispatch (D:\personal\project\krv\node_modules\koa-compose\index.js:42:32)
    at next (D:\personal\project\krv\node_modules\koa-compose\index.js:43:18)
    at views (D:\personal\project\krv\node_modules\koa-views\lib\index.js:61:12)
    at dispatch (D:\personal\project\krv\node_modules\koa-compose\index.js:42:32)
    at next (D:\personal\project\krv\node_modules\koa-compose\index.js:43:18)
*************** error log end ***************

[2018-06-07T17:58:49.922] [ERROR] error - 
*************** error log start ***************
request method: GET
request originalUrl:  /api/toutiao
request client ip:  ::ffff:127.0.0.1
request query:  {}
response time: 0
err name: ReferenceError
err message: s is not defined
err stack: ReferenceError: s is not defined
    at a (D:\personal\project\krv\controllers\api.js:99:27)
    at toutiao (D:\personal\project\krv\controllers\api.js:105:15)
    at dispatch (D:\personal\project\krv\node_modules\koa-router\node_modules\koa-compose\index.js:44:32)
    at next (D:\personal\project\krv\node_modules\koa-router\node_modules\koa-compose\index.js:45:18)
    at D:\personal\project\krv\node_modules\koa-router\lib\router.js:346:16
    at dispatch (D:\personal\project\krv\node_modules\koa-router\node_modules\koa-compose\index.js:44:32)
    at D:\personal\project\krv\node_modules\koa-router\node_modules\koa-compose\index.js:36:12
    at dispatch (D:\personal\project\krv\node_modules\koa-router\lib\router.js:351:31)
    at dispatch (D:\personal\project\krv\node_modules\koa-compose\index.js:42:32)
    at next (D:\personal\project\krv\node_modules\koa-compose\index.js:43:18)
    at app.use (D:\personal\project\krv\app.js:36:11)
    at dispatch (D:\personal\project\krv\node_modules\koa-compose\index.js:42:32)
    at next (D:\personal\project\krv\node_modules\koa-compose\index.js:43:18)
    at views (D:\personal\project\krv\node_modules\koa-views\lib\index.js:61:12)
    at dispatch (D:\personal\project\krv\node_modules\koa-compose\index.js:42:32)
    at next (D:\personal\project\krv\node_modules\koa-compose\index.js:43:18)
*************** error log end ***************

[2018-06-07T17:58:52.243] [ERROR] error - 
*************** error log start ***************
request method: GET
request originalUrl:  /api/toutiao
request client ip:  ::ffff:127.0.0.1
request query:  {}
response time: 0
err name: ReferenceError
err message: s is not defined
err stack: ReferenceError: s is not defined
    at a (D:\personal\project\krv\controllers\api.js:99:27)
    at toutiao (D:\personal\project\krv\controllers\api.js:105:15)
    at dispatch (D:\personal\project\krv\node_modules\koa-router\node_modules\koa-compose\index.js:44:32)
    at next (D:\personal\project\krv\node_modules\koa-router\node_modules\koa-compose\index.js:45:18)
    at D:\personal\project\krv\node_modules\koa-router\lib\router.js:346:16
    at dispatch (D:\personal\project\krv\node_modules\koa-router\node_modules\koa-compose\index.js:44:32)
    at D:\personal\project\krv\node_modules\koa-router\node_modules\koa-compose\index.js:36:12
    at dispatch (D:\personal\project\krv\node_modules\koa-router\lib\router.js:351:31)
    at dispatch (D:\personal\project\krv\node_modules\koa-compose\index.js:42:32)
    at next (D:\personal\project\krv\node_modules\koa-compose\index.js:43:18)
    at app.use (D:\personal\project\krv\app.js:36:11)
    at dispatch (D:\personal\project\krv\node_modules\koa-compose\index.js:42:32)
    at next (D:\personal\project\krv\node_modules\koa-compose\index.js:43:18)
    at views (D:\personal\project\krv\node_modules\koa-views\lib\index.js:61:12)
    at dispatch (D:\personal\project\krv\node_modules\koa-compose\index.js:42:32)
    at next (D:\personal\project\krv\node_modules\koa-compose\index.js:43:18)
*************** error log end ***************

[2018-06-07T18:43:41.806] [ERROR] error - 
*************** error log start ***************
request method: GET
request originalUrl:  /api/toutiao
request client ip:  ::ffff:127.0.0.1
request query:  {}
response time: 2
err name: ReferenceError
err message: s is not defined
err stack: ReferenceError: s is not defined
    at a (D:\personal\project\krv\controllers\api.js:98:20)
    at toutiao (D:\personal\project\krv\controllers\api.js:102:20)
    at dispatch (D:\personal\project\krv\node_modules\koa-router\node_modules\koa-compose\index.js:44:32)
    at next (D:\personal\project\krv\node_modules\koa-router\node_modules\koa-compose\index.js:45:18)
    at D:\personal\project\krv\node_modules\koa-router\lib\router.js:346:16
    at dispatch (D:\personal\project\krv\node_modules\koa-router\node_modules\koa-compose\index.js:44:32)
    at D:\personal\project\krv\node_modules\koa-router\node_modules\koa-compose\index.js:36:12
    at dispatch (D:\personal\project\krv\node_modules\koa-router\lib\router.js:351:31)
    at dispatch (D:\personal\project\krv\node_modules\koa-compose\index.js:42:32)
    at next (D:\personal\project\krv\node_modules\koa-compose\index.js:43:18)
    at app.use (D:\personal\project\krv\app.js:36:11)
    at dispatch (D:\personal\project\krv\node_modules\koa-compose\index.js:42:32)
    at next (D:\personal\project\krv\node_modules\koa-compose\index.js:43:18)
    at views (D:\personal\project\krv\node_modules\koa-views\lib\index.js:61:12)
    at dispatch (D:\personal\project\krv\node_modules\koa-compose\index.js:42:32)
    at next (D:\personal\project\krv\node_modules\koa-compose\index.js:43:18)
*************** error log end ***************

[2018-06-07T18:43:49.459] [ERROR] error - 
*************** error log start ***************
request method: GET
request originalUrl:  /api/toutiao
request client ip:  ::ffff:127.0.0.1
request query:  {}
response time: 0
err name: ReferenceError
err message: s is not defined
err stack: ReferenceError: s is not defined
    at a (D:\personal\project\krv\controllers\api.js:98:20)
    at toutiao (D:\personal\project\krv\controllers\api.js:102:20)
    at dispatch (D:\personal\project\krv\node_modules\koa-router\node_modules\koa-compose\index.js:44:32)
    at next (D:\personal\project\krv\node_modules\koa-router\node_modules\koa-compose\index.js:45:18)
    at D:\personal\project\krv\node_modules\koa-router\lib\router.js:346:16
    at dispatch (D:\personal\project\krv\node_modules\koa-router\node_modules\koa-compose\index.js:44:32)
    at D:\personal\project\krv\node_modules\koa-router\node_modules\koa-compose\index.js:36:12
    at dispatch (D:\personal\project\krv\node_modules\koa-router\lib\router.js:351:31)
    at dispatch (D:\personal\project\krv\node_modules\koa-compose\index.js:42:32)
    at next (D:\personal\project\krv\node_modules\koa-compose\index.js:43:18)
    at app.use (D:\personal\project\krv\app.js:36:11)
    at dispatch (D:\personal\project\krv\node_modules\koa-compose\index.js:42:32)
    at next (D:\personal\project\krv\node_modules\koa-compose\index.js:43:18)
    at views (D:\personal\project\krv\node_modules\koa-views\lib\index.js:61:12)
    at dispatch (D:\personal\project\krv\node_modules\koa-compose\index.js:42:32)
    at next (D:\personal\project\krv\node_modules\koa-compose\index.js:43:18)
*************** error log end ***************

[2018-06-07T18:53:56.202] [ERROR] error - 
*************** error log start ***************
request method: GET
request originalUrl:  /api/toutiao
request client ip:  ::ffff:127.0.0.1
request query:  {}
response time: 1
err name: ReferenceError
err message: r is not defined
err stack: ReferenceError: r is not defined
    at a (D:\personal\project\krv\controllers\api.js:102:29)
    at toutiao (D:\personal\project\krv\controllers\api.js:105:20)
    at dispatch (D:\personal\project\krv\node_modules\koa-router\node_modules\koa-compose\index.js:44:32)
    at next (D:\personal\project\krv\node_modules\koa-router\node_modules\koa-compose\index.js:45:18)
    at D:\personal\project\krv\node_modules\koa-router\lib\router.js:346:16
    at dispatch (D:\personal\project\krv\node_modules\koa-router\node_modules\koa-compose\index.js:44:32)
    at D:\personal\project\krv\node_modules\koa-router\node_modules\koa-compose\index.js:36:12
    at dispatch (D:\personal\project\krv\node_modules\koa-router\lib\router.js:351:31)
    at dispatch (D:\personal\project\krv\node_modules\koa-compose\index.js:42:32)
    at next (D:\personal\project\krv\node_modules\koa-compose\index.js:43:18)
    at app.use (D:\personal\project\krv\app.js:36:11)
    at dispatch (D:\personal\project\krv\node_modules\koa-compose\index.js:42:32)
    at next (D:\personal\project\krv\node_modules\koa-compose\index.js:43:18)
    at views (D:\personal\project\krv\node_modules\koa-views\lib\index.js:61:12)
    at dispatch (D:\personal\project\krv\node_modules\koa-compose\index.js:42:32)
    at next (D:\personal\project\krv\node_modules\koa-compose\index.js:43:18)
*************** error log end ***************

